<?xml version="1.0" encoding="UTF-8"?>
<!-- Generated by org.testng.reporters.JUnitXMLReporter -->
<testsuite hostname="Karthik" name="Test" tests="2" failures="0" timestamp="29 Jul 2018 04:44:05 GMT" time="0.809" errors="0">
  <testcase name="@BeforeClass beginTest" time="0.0" classname="week6.classroom.CreateLeadUsingExcelDataProvider">
    <failure type="java.lang.IllegalArgumentException" message="testName cannot be null or empty">
      <![CDATA[java.lang.IllegalArgumentException: testName cannot be null or empty
	at com.aventstack.extentreports.ExtentTest.<init>(ExtentTest.java:80)
	at com.aventstack.extentreports.ExtentTest.<init>(ExtentTest.java:100)
	at com.aventstack.extentreports.ExtentReports.createTest(ExtentReports.java:238)
	at week6.classroom.Repor.startTest(Repor.java:29)
	at wdmethods.testcase.Annotations.beginTest(Annotations.java:30)
	at sun.reflect.NativeMethodAccessorImpl.invoke0(Native Method)
	at sun.reflect.NativeMethodAccessorImpl.invoke(Unknown Source)
	at sun.reflect.DelegatingMethodAccessorImpl.invoke(Unknown Source)
	at java.lang.reflect.Method.invoke(Unknown Source)
	at org.testng.internal.MethodInvocationHelper.invokeMethod(MethodInvocationHelper.java:86)
	at org.testng.internal.Invoker.invokeConfigurationMethod(Invoker.java:514)
	at org.testng.internal.Invoker.invokeConfigurations(Invoker.java:215)
	at org.testng.internal.Invoker.invokeConfigurations(Invoker.java:142)
	at org.testng.internal.TestMethodWorker.invokeBeforeClassMethods(TestMethodWorker.java:178)
	at org.testng.internal.TestMethodWorker.run(TestMethodWorker.java:108)
	at org.testng.TestRunner.privateRun(TestRunner.java:782)
	at org.testng.TestRunner.run(TestRunner.java:632)
	at org.testng.SuiteRunner.runTest(SuiteRunner.java:366)
	at org.testng.SuiteRunner.runSequentially(SuiteRunner.java:361)
	at org.testng.SuiteRunner.privateRun(SuiteRunner.java:319)
	at org.testng.SuiteRunner.run(SuiteRunner.java:268)
	at org.testng.SuiteRunnerWorker.runSuite(SuiteRunnerWorker.java:52)
	at org.testng.SuiteRunnerWorker.run(SuiteRunnerWorker.java:86)
	at org.testng.TestNG.runSuitesSequentially(TestNG.java:1244)
	at org.testng.TestNG.runSuitesLocally(TestNG.java:1169)
	at org.testng.TestNG.run(TestNG.java:1064)
	at org.testng.remote.AbstractRemoteTestNG.run(AbstractRemoteTestNG.java:114)
	at org.testng.remote.RemoteTestNG.initAndRun(RemoteTestNG.java:251)
	at org.testng.remote.RemoteTestNG.main(RemoteTestNG.java:77)
]]>
    </failure>
  </testcase> <!-- @BeforeClass beginTest -->
  <testcase name="@BeforeMethod openApp" time="0.0" classname="week6.classroom.CreateLeadUsingExcelDataProvider">
    <skipped/>
  </testcase> <!-- @BeforeMethod openApp -->
  <testcase name="@AfterMethod browserClose" time="0.0" classname="week6.classroom.CreateLeadUsingExcelDataProvider">
    <skipped/>
  </testcase> <!-- @AfterMethod browserClose -->
  <testcase name="@BeforeMethod openApp" time="0.0" classname="week6.classroom.CreateLeadUsingExcelDataProvider">
    <skipped/>
  </testcase> <!-- @BeforeMethod openApp -->
  <testcase name="@AfterMethod browserClose" time="0.0" classname="week6.classroom.CreateLeadUsingExcelDataProvider">
    <skipped/>
  </testcase> <!-- @AfterMethod browserClose -->
  <testcase name="createLead" time="0.002" classname="week6.classroom.CreateLeadUsingExcelDataProvider">
    <skipped/>
  </testcase> <!-- createLead -->
  <testcase name="createLead" time="0.003" classname="week6.classroom.CreateLeadUsingExcelDataProvider">
    <skipped/>
  </testcase> <!-- createLead -->
</testsuite> <!-- Test -->
