<?xml version="1.0" encoding="UTF-8"?>
<testng-results skipped="0" failed="0" total="2" passed="2">
  <reporter-output>
  </reporter-output>
  <suite name="POM" duration-ms="55651" started-at="2018-08-04T05:09:25Z" finished-at="2018-08-04T05:10:20Z">
    <groups>
    </groups>
    <test name="CreateLead" duration-ms="55651" started-at="2018-08-04T05:09:25Z" finished-at="2018-08-04T05:10:20Z">
      <class name="testcases.pom.TC001_CreateLead_POM">
        <test-method status="PASS" signature="startReport()[pri:0, instance:testcases.pom.TC001_CreateLead_POM@192b07fd]" name="startReport" is-config="true" duration-ms="1312" started-at="2018-08-04T10:39:23Z" finished-at="2018-08-04T10:39:25Z">
          <reporter-output>
          </reporter-output>
        </test-method> <!-- startReport -->
        <test-method status="PASS" signature="setValues()[pri:0, instance:testcases.pom.TC001_CreateLead_POM@192b07fd]" name="setValues" is-config="true" duration-ms="0" started-at="2018-08-04T10:39:25Z" finished-at="2018-08-04T10:39:25Z">
          <reporter-output>
          </reporter-output>
        </test-method> <!-- setValues -->
        <test-method status="PASS" signature="beginTest()[pri:0, instance:testcases.pom.TC001_CreateLead_POM@192b07fd]" name="beginTest" is-config="true" duration-ms="0" started-at="2018-08-04T10:39:25Z" finished-at="2018-08-04T10:39:25Z">
          <reporter-output>
          </reporter-output>
        </test-method> <!-- beginTest -->
        <test-method status="PASS" signature="openApp(java.lang.String, java.lang.String, java.lang.String)[pri:0, instance:testcases.pom.TC001_CreateLead_POM@192b07fd]" name="openApp" is-config="true" duration-ms="16584" started-at="2018-08-04T10:39:27Z" finished-at="2018-08-04T10:39:44Z">
          <params>
            <param index="0">
              <value>
                <![CDATA[http://leaftaps.com/opentaps]]>
              </value>
            </param>
            <param index="1">
              <value>
                <![CDATA[crmsfa]]>
              </value>
            </param>
            <param index="2">
              <value>
                <![CDATA[DemoSalesManager]]>
              </value>
            </param>
          </params>
          <reporter-output>
          </reporter-output>
        </test-method> <!-- openApp -->
        <test-method status="PASS" signature="createLead(java.lang.String, java.lang.String, java.lang.String, java.lang.String, java.lang.String)[pri:0, instance:testcases.pom.TC001_CreateLead_POM@192b07fd]" name="createLead" duration-ms="11414" started-at="2018-08-04T10:39:44Z" data-provider="fetchData" finished-at="2018-08-04T10:39:55Z">
          <params>
            <param index="0">
              <value>
                <![CDATA[IBM]]>
              </value>
            </param>
            <param index="1">
              <value>
                <![CDATA[Sheeba M]]>
              </value>
            </param>
            <param index="2">
              <value>
                <![CDATA[karthik]]>
              </value>
            </param>
            <param index="3">
              <value>
                <![CDATA[8220322]]>
              </value>
            </param>
            <param index="4">
              <value>
                <![CDATA[sheeba.suja@gmail.com]]>
              </value>
            </param>
          </params>
          <reporter-output>
          </reporter-output>
        </test-method> <!-- createLead -->
        <test-method status="PASS" signature="browserClose()[pri:0, instance:testcases.pom.TC001_CreateLead_POM@192b07fd]" name="browserClose" is-config="true" duration-ms="251" started-at="2018-08-04T10:39:55Z" finished-at="2018-08-04T10:39:55Z">
          <reporter-output>
          </reporter-output>
        </test-method> <!-- browserClose -->
        <test-method status="PASS" signature="openApp(java.lang.String, java.lang.String, java.lang.String)[pri:0, instance:testcases.pom.TC001_CreateLead_POM@192b07fd]" name="openApp" is-config="true" duration-ms="13586" started-at="2018-08-04T10:39:55Z" finished-at="2018-08-04T10:40:09Z">
          <params>
            <param index="0">
              <value>
                <![CDATA[http://leaftaps.com/opentaps]]>
              </value>
            </param>
            <param index="1">
              <value>
                <![CDATA[crmsfa]]>
              </value>
            </param>
            <param index="2">
              <value>
                <![CDATA[DemoSalesManager]]>
              </value>
            </param>
          </params>
          <reporter-output>
          </reporter-output>
        </test-method> <!-- openApp -->
        <test-method status="PASS" signature="createLead(java.lang.String, java.lang.String, java.lang.String, java.lang.String, java.lang.String)[pri:0, instance:testcases.pom.TC001_CreateLead_POM@192b07fd]" name="createLead" duration-ms="9242" started-at="2018-08-04T10:40:09Z" data-provider="fetchData" finished-at="2018-08-04T10:40:18Z">
          <params>
            <param index="0">
              <value>
                <![CDATA[Accenture]]>
              </value>
            </param>
            <param index="1">
              <value>
                <![CDATA[Sindu]]>
              </value>
            </param>
            <param index="2">
              <value>
                <![CDATA[Chinnaswamy]]>
              </value>
            </param>
            <param index="3">
              <value>
                <![CDATA[1234]]>
              </value>
            </param>
            <param index="4">
              <value>
                <![CDATA[sindu@gmail.com]]>
              </value>
            </param>
          </params>
          <reporter-output>
          </reporter-output>
        </test-method> <!-- createLead -->
        <test-method status="PASS" signature="browserClose()[pri:0, instance:testcases.pom.TC001_CreateLead_POM@192b07fd]" name="browserClose" is-config="true" duration-ms="2124" started-at="2018-08-04T10:40:18Z" finished-at="2018-08-04T10:40:20Z">
          <reporter-output>
          </reporter-output>
        </test-method> <!-- browserClose -->
        <test-method status="PASS" signature="closeReport()[pri:0, instance:testcases.pom.TC001_CreateLead_POM@192b07fd]" name="closeReport" is-config="true" duration-ms="641" started-at="2018-08-04T10:40:20Z" finished-at="2018-08-04T10:40:21Z">
          <reporter-output>
          </reporter-output>
        </test-method> <!-- closeReport -->
      </class> <!-- testcases.pom.TC001_CreateLead_POM -->
    </test> <!-- CreateLead -->
  </suite> <!-- POM -->
</testng-results>
