<?xml version="1.0" encoding="UTF-8"?>
<testng-results skipped="0" failed="0" total="2" passed="2">
  <reporter-output>
  </reporter-output>
  <suite name="Reports" duration-ms="42588" started-at="2018-08-11T11:50:34Z" finished-at="2018-08-11T11:51:16Z">
    <groups>
    </groups>
    <test name="CreateLead_Reports" duration-ms="42588" started-at="2018-08-11T11:50:34Z" finished-at="2018-08-11T11:51:16Z">
      <class name="week6.classroom.CreateLeadWithReports">
        <test-method status="PASS" signature="startReport()[pri:0, instance:week6.classroom.CreateLeadWithReports@148080bb]" name="startReport" is-config="true" duration-ms="1044" started-at="2018-08-11T17:20:33Z" finished-at="2018-08-11T17:20:34Z">
          <reporter-output>
          </reporter-output>
        </test-method> <!-- startReport -->
        <test-method status="PASS" signature="setValues()[pri:0, instance:week6.classroom.CreateLeadWithReports@148080bb]" name="setValues" is-config="true" duration-ms="0" started-at="2018-08-11T17:20:34Z" finished-at="2018-08-11T17:20:34Z">
          <reporter-output>
          </reporter-output>
        </test-method> <!-- setValues -->
        <test-method status="PASS" signature="beginTest()[pri:0, instance:week6.classroom.CreateLeadWithReports@148080bb]" name="beginTest" is-config="true" duration-ms="0" started-at="2018-08-11T17:20:34Z" finished-at="2018-08-11T17:20:34Z">
          <reporter-output>
          </reporter-output>
        </test-method> <!-- beginTest -->
        <test-method status="PASS" signature="openApp(java.lang.String, java.lang.String, java.lang.String)[pri:0, instance:week6.classroom.CreateLeadWithReports@148080bb]" name="openApp" is-config="true" duration-ms="14988" started-at="2018-08-11T17:20:36Z" finished-at="2018-08-11T17:20:51Z">
          <params>
            <param index="0">
              <value>
                <![CDATA[http://leaftaps.com/opentaps]]>
              </value>
            </param>
            <param index="1">
              <value>
                <![CDATA[crmsfa]]>
              </value>
            </param>
            <param index="2">
              <value>
                <![CDATA[DemoSalesManager]]>
              </value>
            </param>
          </params>
          <reporter-output>
          </reporter-output>
        </test-method> <!-- openApp -->
        <test-method status="PASS" signature="createLead(java.lang.String, java.lang.String, java.lang.String, java.lang.String, java.lang.String)[pri:0, instance:week6.classroom.CreateLeadWithReports@148080bb]" name="createLead" duration-ms="5989" started-at="2018-08-11T17:20:51Z" data-provider="fetchData" finished-at="2018-08-11T17:20:57Z">
          <params>
            <param index="0">
              <value>
                <![CDATA[IBM]]>
              </value>
            </param>
            <param index="1">
              <value>
                <![CDATA[Sheeba M]]>
              </value>
            </param>
            <param index="2">
              <value>
                <![CDATA[karthik]]>
              </value>
            </param>
            <param index="3">
              <value>
                <![CDATA[8220322]]>
              </value>
            </param>
            <param index="4">
              <value>
                <![CDATA[sheeba.suja@gmail.com]]>
              </value>
            </param>
          </params>
          <reporter-output>
          </reporter-output>
        </test-method> <!-- createLead -->
        <test-method status="PASS" signature="browserClose()[pri:0, instance:week6.classroom.CreateLeadWithReports@148080bb]" name="browserClose" is-config="true" duration-ms="2161" started-at="2018-08-11T17:20:57Z" finished-at="2018-08-11T17:20:59Z">
          <reporter-output>
          </reporter-output>
        </test-method> <!-- browserClose -->
        <test-method status="PASS" signature="openApp(java.lang.String, java.lang.String, java.lang.String)[pri:0, instance:week6.classroom.CreateLeadWithReports@148080bb]" name="openApp" is-config="true" duration-ms="9280" started-at="2018-08-11T17:20:59Z" finished-at="2018-08-11T17:21:08Z">
          <params>
            <param index="0">
              <value>
                <![CDATA[http://leaftaps.com/opentaps]]>
              </value>
            </param>
            <param index="1">
              <value>
                <![CDATA[crmsfa]]>
              </value>
            </param>
            <param index="2">
              <value>
                <![CDATA[DemoSalesManager]]>
              </value>
            </param>
          </params>
          <reporter-output>
          </reporter-output>
        </test-method> <!-- openApp -->
        <test-method status="PASS" signature="createLead(java.lang.String, java.lang.String, java.lang.String, java.lang.String, java.lang.String)[pri:0, instance:week6.classroom.CreateLeadWithReports@148080bb]" name="createLead" duration-ms="6261" started-at="2018-08-11T17:21:08Z" data-provider="fetchData" finished-at="2018-08-11T17:21:14Z">
          <params>
            <param index="0">
              <value>
                <![CDATA[Accenture]]>
              </value>
            </param>
            <param index="1">
              <value>
                <![CDATA[Sindu]]>
              </value>
            </param>
            <param index="2">
              <value>
                <![CDATA[Chinnaswamy]]>
              </value>
            </param>
            <param index="3">
              <value>
                <![CDATA[1234]]>
              </value>
            </param>
            <param index="4">
              <value>
                <![CDATA[sindu@gmail.com]]>
              </value>
            </param>
          </params>
          <reporter-output>
          </reporter-output>
        </test-method> <!-- createLead -->
        <test-method status="PASS" signature="browserClose()[pri:0, instance:week6.classroom.CreateLeadWithReports@148080bb]" name="browserClose" is-config="true" duration-ms="2142" started-at="2018-08-11T17:21:14Z" finished-at="2018-08-11T17:21:16Z">
          <reporter-output>
          </reporter-output>
        </test-method> <!-- browserClose -->
        <test-method status="PASS" signature="closeReport()[pri:0, instance:week6.classroom.CreateLeadWithReports@148080bb]" name="closeReport" is-config="true" duration-ms="584" started-at="2018-08-11T17:21:17Z" finished-at="2018-08-11T17:21:17Z">
          <reporter-output>
          </reporter-output>
        </test-method> <!-- closeReport -->
      </class> <!-- week6.classroom.CreateLeadWithReports -->
    </test> <!-- CreateLead_Reports -->
  </suite> <!-- Reports -->
</testng-results>
